This is XeTeX, Version 3.14159265-2.6-0.99998 (TeX Live 2017/Debian) (preloaded format=xelatex 2019.8.7)  7 AUG 2019 16:33
entering extended mode
 restricted \write18 enabled.
 %&-line parsing enabled.
**q()
(/usr/share/texlive/texmf-dist/tex/latex/tools/q.tex
LaTeX2e <2017-04-15>
Babel <3.18> and hyphenation patterns for 3 language(s) loaded.
File ignored
)
! Emergency stop.
<*> q()
       
*** (job aborted, no legal \end found)

 
Here is how much of TeX's memory you used:
 6 strings out of 494988
 157 string characters out of 6178639
 53503 words of memory out of 5000000
 3945 multiletter control sequences out of 15000+600000
 3640 words of font info for 14 fonts, out of 8000000 for 9000
 14 hyphenation exceptions out of 8191
 5i,0n,1p,83b,8s stack positions out of 5000i,500n,10000p,200000b,80000s
No pages of output.
